[debug] [2021-08-01T11:30:49.954Z] ----------------------------------------------------------------------
[debug] [2021-08-01T11:30:49.956Z] Command:       /usr/bin/node /usr/local/bin/firebase init
[debug] [2021-08-01T11:30:49.956Z] CLI Version:   9.16.0
[debug] [2021-08-01T11:30:49.956Z] Platform:      linux
[debug] [2021-08-01T11:30:49.956Z] Node Version:  v10.19.0
[debug] [2021-08-01T11:30:49.957Z] Time:          Sun Aug 01 2021 17:00:49 GMT+0530 (India Standard Time)
[debug] [2021-08-01T11:30:49.957Z] ----------------------------------------------------------------------
[debug] 
[debug] [2021-08-01T11:30:49.962Z] > command requires scopes: ["email","openid","https://www.googleapis.com/auth/cloudplatformprojects.readonly","https://www.googleapis.com/auth/firebase","https://www.googleapis.com/auth/cloud-platform"]
[debug] [2021-08-01T11:30:49.962Z] > authorizing via signed-in user (10tabassum2@gmail.com)
[info] 
     ######## #### ########  ######## ########     ###     ######  ########
     ##        ##  ##     ## ##       ##     ##  ##   ##  ##       ##
     ######    ##  ########  ######   ########  #########  ######  ######
     ##        ##  ##    ##  ##       ##     ## ##     ##       ## ##
     ##       #### ##     ## ######## ########  ##     ##  ######  ########

You're about to initialize a Firebase project in this directory:

  /home/washim/Tuni/netflix-clone

[info] 
=== Project Setup
[info] 
[info] First, let's associate this project directory with a Firebase project.
[info] You can create multiple project aliases by running firebase use --add, 
[info] but for now we'll just set up a default project.
[info] 
